c:\users\lando\documents\github\viator-eq\multi-q\builds\visualstudio2019\x64\release\shared code\include_juce_audio_processors.obj
c:\users\lando\documents\github\viator-eq\multi-q\builds\visualstudio2019\x64\release\shared code\include_viator_modules.obj
c:\users\lando\documents\github\viator-eq\multi-q\builds\visualstudio2019\x64\release\shared code\include_juce_audio_utils.obj
c:\users\lando\documents\github\viator-eq\multi-q\builds\visualstudio2019\x64\release\shared code\include_juce_audio_devices.obj
c:\users\lando\documents\github\viator-eq\multi-q\builds\visualstudio2019\x64\release\shared code\binarydata.obj
c:\users\lando\documents\github\viator-eq\multi-q\builds\visualstudio2019\x64\release\shared code\include_juce_graphics.obj
c:\users\lando\documents\github\viator-eq\multi-q\builds\visualstudio2019\x64\release\shared code\tubeeq.obj
c:\users\lando\documents\github\viator-eq\multi-q\builds\visualstudio2019\x64\release\shared code\binarydata2.obj
c:\users\lando\documents\github\viator-eq\multi-q\builds\visualstudio2019\x64\release\shared code\include_juce_audio_formats.obj
c:\users\lando\documents\github\viator-eq\multi-q\builds\visualstudio2019\x64\release\shared code\include_juce_audio_basics.obj
c:\users\lando\documents\github\viator-eq\multi-q\builds\visualstudio2019\x64\release\shared code\include_juce_audio_plugin_client_utils.obj
c:\users\lando\documents\github\viator-eq\multi-q\builds\visualstudio2019\x64\release\shared code\parametriceq.obj
c:\users\lando\documents\github\viator-eq\multi-q\builds\visualstudio2019\x64\release\shared code\graphiceq.obj
c:\users\lando\documents\github\viator-eq\multi-q\builds\visualstudio2019\x64\release\shared code\include_juce_gui_extra.obj
c:\users\lando\documents\github\viator-eq\multi-q\builds\visualstudio2019\x64\release\shared code\include_juce_core.obj
c:\users\lando\documents\github\viator-eq\multi-q\builds\visualstudio2019\x64\release\shared code\binarydata4.obj
c:\users\lando\documents\github\viator-eq\multi-q\builds\visualstudio2019\x64\release\shared code\binarydata3.obj
c:\users\lando\documents\github\viator-eq\multi-q\builds\visualstudio2019\x64\release\shared code\include_juce_events.obj
c:\users\lando\documents\github\viator-eq\multi-q\builds\visualstudio2019\x64\release\shared code\binarydata5.obj
c:\users\lando\documents\github\viator-eq\multi-q\builds\visualstudio2019\x64\release\shared code\include_juce_dsp.obj
c:\users\lando\documents\github\viator-eq\multi-q\builds\visualstudio2019\x64\release\shared code\include_juce_data_structures.obj
c:\users\lando\documents\github\viator-eq\multi-q\builds\visualstudio2019\x64\release\shared code\multi-q.pdb
c:\users\lando\documents\github\viator-eq\multi-q\builds\visualstudio2019\x64\release\shared code\multi-q_.6cf74fa1.tlog\cl.10300.write.1.tlog
c:\users\lando\documents\github\viator-eq\multi-q\builds\visualstudio2019\x64\release\shared code\multi-q_.6cf74fa1.tlog\cl.command.1.tlog
c:\users\lando\documents\github\viator-eq\multi-q\builds\visualstudio2019\x64\release\shared code\multi-q_.6cf74fa1.tlog\cl.read.1.tlog
